time="2018-09-16T19:01:39-04:00" level=info msg="Main file logging"
time="2018-09-16T19:01:52-04:00" level=info msg="Main file logging"
time="2018-09-16T19:39:20-04:00" level=info msg="Main file logging"
time="2018-09-16T20:06:39-04:00" level=info msg="Main file logging"
time="2018-09-16T20:40:45-04:00" level=info msg="Main file logging"
time="2018-09-16T20:43:21-04:00" level=info msg="Main file logging"
time="2018-09-16T20:51:57-04:00" level=info msg="Main file logging"
time="2018-09-17T09:53:05-04:00" level=info msg="Main file logging"
time="2018-09-17T11:36:10-04:00" level=info msg="Main file logging"
time="2018-09-17T15:50:35-04:00" level=info msg="Main file logging"
time="2018-09-17T15:52:50-04:00" level=info msg="Main file logging"
time="2018-09-17T17:53:32-04:00" level=info msg="Main file logging"
time="2018-09-17T17:54:50-04:00" level=info msg="Main file logging"
time="2018-09-17T17:55:12-04:00" level=info msg="Main file logging"
time="2018-09-17T17:57:08-04:00" level=info msg="Main file logging"
time="2018-09-18T12:31:13-04:00" level=info msg="Main file logging"
time="2018-09-18T12:34:38-04:00" level=info msg="Main file logging"
time="2018-09-18T12:50:43-04:00" level=info msg="Main file logging"
time="2018-09-18T12:55:07-04:00" level=info msg="Main file logging"
time="2018-09-18T13:00:44-04:00" level=info msg="Main file logging"
time="2018-09-18T13:01:21-04:00" level=info msg="Main file logging"
time="2018-09-18T13:08:27-04:00" level=info msg="Main file logging"
time="2018-09-18T13:12:30-04:00" level=info msg="Main file logging"
time="2018-09-26T10:43:13-04:00" level=info msg="Main file logging"
time="2018-10-02T21:47:28-04:00" level=info msg="Main file logging"
time="2018-10-02T21:47:30-04:00" level=warning msg="error updating buyer prices:base price not set"
time="2018-10-02T21:47:31-04:00" level=warning msg="error updating buyer prices:updating last price"
time="2018-10-02T21:47:32-04:00" level=warning msg="error updating seller prices:base price not set"
time="2018-10-02T21:47:33-04:00" level=warning msg="error updating seller prices:updating last price"
time="2018-10-02T21:47:34-04:00" level=warning msg="error updating seller prices:updating last price"
time="2018-10-02T21:47:35-04:00" level=warning msg="error updating seller prices:updating last price"
time="2018-10-02T21:47:36-04:00" level=warning msg="error updating seller prices:updating last price"
time="2018-10-02T21:47:37-04:00" level=warning msg="error updating seller prices:updating last price"
time="2018-10-02T21:47:37-04:00" level=warning msg="error updating seller prices:updating last price"
time="2018-10-02T21:47:39-04:00" level=warning msg="error updating seller prices:updating last price"
time="2018-10-02T21:47:39-04:00" level=warning msg="error updating buyer prices:updating last price"
time="2018-10-02T21:47:40-04:00" level=warning msg="error updating buyer prices:updating last price"
time="2018-10-02T21:47:41-04:00" level=warning msg="error updating buyer prices:updating last price"
time="2018-10-02T21:47:41-04:00" level=warning msg="error updating buyer prices:updating last price"
time="2018-10-02T21:47:42-04:00" level=warning msg="error updating buyer prices:updating last price"
time="2018-10-02T21:47:43-04:00" level=warning msg="error updating buyer prices:updating last price"
time="2018-10-02T21:47:43-04:00" level=warning msg="error updating buyer prices:updating last price"
time="2018-10-02T21:48:10-04:00" level=warning msg="error updating seller prices:updating last price"
time="2018-10-02T21:48:12-04:00" level=warning msg="error updating seller prices:updating last price"
time="2018-10-02T21:48:26-04:00" level=warning msg="error updating seller prices:updating last price"
time="2018-10-02T21:48:27-04:00" level=warning msg="error updating seller prices:updating last price"
time="2018-10-02T21:48:48-04:00" level=warning msg="error updating seller prices:updating last price"
time="2018-10-02T21:48:49-04:00" level=warning msg="error updating seller prices:updating last price"
time="2018-10-02T21:48:51-04:00" level=warning msg="error updating seller prices:updating last price"
time="2018-10-02T21:48:52-04:00" level=warning msg="error updating seller prices:updating last price"
time="2018-10-02T21:48:53-04:00" level=warning msg="error updating seller prices:updating last price"
time="2018-10-02T21:48:55-04:00" level=warning msg="error updating seller prices:updating last price"
time="2018-10-02T21:48:56-04:00" level=warning msg="error updating seller prices:updating last price"
time="2018-10-02T21:50:17-04:00" level=warning msg="error updating seller prices:updating last price"
time="2018-10-02T21:50:26-04:00" level=warning msg="error updating seller prices:updating last price"
time="2018-10-02T21:50:27-04:00" level=warning msg="error updating seller prices:updating last price"
time="2018-10-02T21:53:27-04:00" level=info msg="Main file logging"
time="2018-10-02T21:53:28-04:00" level=warning msg="error updating buyer prices:base price not set"
time="2018-10-02T21:53:29-04:00" level=warning msg="error updating buyer prices:updating last price"
time="2018-10-02T21:53:30-04:00" level=warning msg="error updating buyer prices:updating last price"
time="2018-10-02T21:53:30-04:00" level=warning msg="error updating buyer prices:updating last price"
time="2018-10-02T21:53:31-04:00" level=warning msg="error updating buyer prices:updating last price"
time="2018-10-02T21:53:32-04:00" level=warning msg="error updating buyer prices:updating last price"
time="2018-10-02T21:53:32-04:00" level=warning msg="error updating buyer prices:updating last price"
time="2018-10-02T21:53:33-04:00" level=warning msg="error updating buyer prices:updating last price"
time="2018-10-02T21:53:34-04:00" level=warning msg="error updating buyer prices:updating last price"
time="2018-10-02T21:53:35-04:00" level=warning msg="error updating seller prices:base price not set"
time="2018-10-02T21:53:35-04:00" level=warning msg="error updating buyer prices:updating last price"
time="2018-10-02T21:53:38-04:00" level=warning msg="error updating seller prices:updating last price"
time="2018-10-02T21:53:39-04:00" level=warning msg="error updating seller prices:updating last price"
time="2018-10-02T21:53:40-04:00" level=warning msg="error updating seller prices:updating last price"
time="2018-10-02T21:53:53-04:00" level=warning msg="error updating buyer prices:updating last price"
time="2018-10-02T21:53:54-04:00" level=warning msg="error updating buyer prices:updating last price"
time="2018-10-02T21:53:55-04:00" level=warning msg="error updating buyer prices:updating last price"
time="2018-10-02T21:53:55-04:00" level=warning msg="error updating buyer prices:updating last price"
time="2018-10-02T21:53:56-04:00" level=warning msg="error updating buyer prices:updating last price"
time="2018-10-02T21:53:56-04:00" level=warning msg="error updating buyer prices:updating last price"
time="2018-10-02T21:53:57-04:00" level=warning msg="error updating buyer prices:updating last price"
time="2018-10-02T21:53:57-04:00" level=warning msg="error updating buyer prices:updating last price"
time="2018-10-02T21:53:58-04:00" level=warning msg="error updating buyer prices:updating last price"
time="2018-10-02T21:53:58-04:00" level=warning msg="error updating buyer prices:updating last price"
time="2018-10-02T21:53:59-04:00" level=warning msg="error updating buyer prices:updating last price"
time="2018-10-02T21:53:59-04:00" level=warning msg="error updating buyer prices:updating last price"
time="2018-10-02T21:54:00-04:00" level=warning msg="error updating buyer prices:updating last price"
time="2018-10-02T21:54:41-04:00" level=warning msg="error updating seller prices:updating last price"
time="2018-10-02T21:54:42-04:00" level=warning msg="error updating seller prices:updating last price"
time="2018-10-02T21:56:28-04:00" level=info msg="Main file logging"
time="2018-10-02T21:56:29-04:00" level=warning msg="error updating buyer prices:base price not set"
time="2018-10-02T21:56:29-04:00" level=warning msg="error updating buyer prices:updating last price"
time="2018-10-02T21:56:30-04:00" level=warning msg="error updating buyer prices:updating last price"
time="2018-10-02T21:56:30-04:00" level=warning msg="error updating buyer prices:updating last price"
time="2018-10-02T21:56:31-04:00" level=warning msg="error updating buyer prices:updating last price"
time="2018-10-02T21:56:31-04:00" level=warning msg="error updating buyer prices:updating last price"
time="2018-10-02T21:56:32-04:00" level=warning msg="error updating buyer prices:updating last price"
time="2018-10-02T21:56:32-04:00" level=warning msg="error updating buyer prices:updating last price"
time="2018-10-02T21:56:33-04:00" level=warning msg="error updating buyer prices:updating last price"
time="2018-10-02T21:56:33-04:00" level=warning msg="error updating buyer prices:updating last price"
time="2018-10-02T21:56:34-04:00" level=warning msg="error updating seller prices:base price not set"
time="2018-10-02T21:56:35-04:00" level=warning msg="error updating seller prices:updating last price"
time="2018-10-02T21:56:39-04:00" level=warning msg="error updating seller prices:updating last price"
time="2018-10-02T21:56:40-04:00" level=warning msg="error updating seller prices:updating last price"
time="2018-10-02T21:56:40-04:00" level=warning msg="error updating seller prices:updating last price"
time="2018-10-02T21:56:41-04:00" level=warning msg="error updating seller prices:updating last price"
time="2018-10-02T21:56:45-04:00" level=warning msg="error updating buyer prices:updating last price"
time="2018-10-02T21:56:59-04:00" level=warning msg="error updating buyer prices:updating last price"
time="2018-10-02T21:56:59-04:00" level=warning msg="error updating buyer prices:updating last price"
time="2018-10-02T21:57:01-04:00" level=warning msg="error updating seller prices:updating last price"
time="2018-10-02T21:57:03-04:00" level=warning msg="error updating seller prices:updating last price"
time="2018-10-02T21:57:04-04:00" level=warning msg="error updating seller prices:updating last price"
time="2018-10-02T21:57:05-04:00" level=warning msg="error updating seller prices:updating last price"
time="2018-10-02T21:57:06-04:00" level=warning msg="error updating seller prices:updating last price"
time="2018-10-02T21:57:07-04:00" level=warning msg="error updating seller prices:updating last price"
time="2018-10-02T21:57:08-04:00" level=warning msg="error updating seller prices:updating last price"
time="2018-10-02T21:57:09-04:00" level=warning msg="error updating seller prices:updating last price"
time="2018-10-02T21:57:13-04:00" level=warning msg="error updating seller prices:updating last price"
time="2018-10-02T21:57:14-04:00" level=warning msg="error updating seller prices:updating last price"
time="2018-10-02T21:57:15-04:00" level=warning msg="error updating seller prices:updating last price"
time="2018-10-02T21:57:16-04:00" level=warning msg="error updating seller prices:updating last price"
time="2018-10-02T21:57:17-04:00" level=warning msg="error updating seller prices:updating last price"
time="2018-10-02T21:57:18-04:00" level=warning msg="error updating seller prices:updating last price"
time="2018-10-02T21:57:22-04:00" level=warning msg="error updating seller prices:updating last price"
time="2018-10-02T21:57:24-04:00" level=warning msg="error updating seller prices:updating last price"
time="2018-10-02T21:57:29-04:00" level=warning msg="error updating seller prices:updating last price"
time="2018-10-02T21:57:30-04:00" level=warning msg="error updating seller prices:updating last price"
time="2018-10-02T21:57:31-04:00" level=warning msg="error updating seller prices:updating last price"
time="2018-10-02T21:57:32-04:00" level=warning msg="error updating seller prices:updating last price"
time="2018-10-02T21:57:32-04:00" level=warning msg="error updating seller prices:updating last price"
time="2018-10-02T21:57:33-04:00" level=warning msg="error updating seller prices:updating last price"
time="2018-10-02T21:57:34-04:00" level=warning msg="error updating seller prices:updating last price"
time="2018-10-02T21:57:35-04:00" level=warning msg="error updating seller prices:updating last price"
time="2018-10-02T21:57:36-04:00" level=warning msg="error updating seller prices:updating last price"
time="2018-10-02T22:04:21-04:00" level=info msg="Main file logging"
time="2018-10-02T22:04:23-04:00" level=warning msg="error updating buyer prices:base price not set"
time="2018-10-02T22:04:25-04:00" level=warning msg="error updating buyer prices:updating last price"
time="2018-10-02T22:04:25-04:00" level=warning msg="error updating seller prices:base price not set"
time="2018-10-02T22:04:26-04:00" level=warning msg="error updating seller prices:updating last price"
time="2018-10-02T22:04:27-04:00" level=warning msg="error updating seller prices:updating last price"
time="2018-10-02T22:04:27-04:00" level=warning msg="error updating seller prices:updating last price"
time="2018-10-02T22:04:28-04:00" level=warning msg="error updating seller prices:updating last price"
time="2018-10-02T22:04:29-04:00" level=warning msg="error updating seller prices:updating last price"
time="2018-10-02T22:04:31-04:00" level=warning msg="error updating seller prices:updating last price"
time="2018-10-02T22:04:39-04:00" level=warning msg="error updating buyer prices:updating last price"
time="2018-10-02T22:04:40-04:00" level=warning msg="error updating buyer prices:updating last price"
time="2018-10-02T22:04:41-04:00" level=warning msg="error updating buyer prices:updating last price"
time="2018-10-02T22:04:41-04:00" level=warning msg="error updating buyer prices:updating last price"
time="2018-10-02T22:04:47-04:00" level=warning msg="error updating buyer prices:updating last price"
time="2018-10-02T22:04:57-04:00" level=warning msg="error updating buyer prices:updating last price"
time="2018-10-02T22:04:58-04:00" level=warning msg="error updating buyer prices:updating last price"
time="2018-10-02T22:05:03-04:00" level=warning msg="error updating buyer prices:updating last price"
time="2018-10-02T22:05:04-04:00" level=warning msg="error updating buyer prices:updating last price"
time="2018-10-02T22:05:05-04:00" level=warning msg="error updating buyer prices:updating last price"
time="2018-10-02T22:05:10-04:00" level=warning msg="error updating buyer prices:updating last price"
time="2018-10-02T22:05:15-04:00" level=warning msg="error updating buyer prices:updating last price"
time="2018-10-02T22:05:15-04:00" level=warning msg="error updating buyer prices:updating last price"
time="2018-10-02T22:05:16-04:00" level=warning msg="error updating buyer prices:updating last price"
time="2018-10-02T22:05:30-04:00" level=warning msg="error updating buyer prices:updating last price"
time="2018-10-02T22:05:30-04:00" level=warning msg="error updating buyer prices:updating last price"
time="2018-10-02T22:05:31-04:00" level=warning msg="error updating buyer prices:updating last price"
time="2018-10-02T22:05:32-04:00" level=warning msg="error updating buyer prices:updating last price"
time="2018-10-02T22:05:33-04:00" level=warning msg="error updating buyer prices:updating last price"
time="2018-10-02T22:05:34-04:00" level=warning msg="error updating buyer prices:updating last price"
time="2018-10-02T22:05:57-04:00" level=warning msg="error updating buyer prices:updating last price"
time="2018-10-02T22:06:01-04:00" level=warning msg="error updating buyer prices:updating last price"
time="2018-10-02T22:06:02-04:00" level=warning msg="error updating buyer prices:updating last price"
time="2018-10-02T22:06:03-04:00" level=warning msg="error updating buyer prices:updating last price"
time="2018-10-02T22:06:08-04:00" level=warning msg="error updating buyer prices:updating last price"
time="2018-10-02T22:06:18-04:00" level=warning msg="error updating buyer prices:updating last price"
time="2018-10-02T22:06:19-04:00" level=warning msg="error updating buyer prices:updating last price"
time="2018-10-02T22:06:19-04:00" level=warning msg="error updating buyer prices:updating last price"
time="2018-10-02T22:06:20-04:00" level=warning msg="error updating buyer prices:updating last price"
time="2018-10-02T22:06:20-04:00" level=warning msg="error updating buyer prices:updating last price"
time="2018-10-02T22:06:21-04:00" level=warning msg="error updating buyer prices:updating last price"
time="2018-10-02T22:06:22-04:00" level=warning msg="error updating buyer prices:updating last price"
time="2018-10-02T22:06:22-04:00" level=warning msg="error updating buyer prices:updating last price"
time="2018-10-02T22:06:23-04:00" level=warning msg="error updating buyer prices:updating last price"
time="2018-10-02T22:06:28-04:00" level=warning msg="error updating buyer prices:updating last price"
time="2018-10-02T22:06:29-04:00" level=warning msg="error updating buyer prices:updating last price"
time="2018-10-02T22:06:38-04:00" level=warning msg="error updating buyer prices:updating last price"
time="2018-10-02T22:06:39-04:00" level=warning msg="error updating buyer prices:updating last price"
time="2018-10-02T22:06:44-04:00" level=warning msg="error updating buyer prices:updating last price"
time="2018-10-02T22:06:45-04:00" level=warning msg="error updating buyer prices:updating last price"
time="2018-10-02T22:06:47-04:00" level=warning msg="error updating buyer prices:updating last price"
time="2018-12-23T13:27:01-05:00" level=info msg="Main file logging"
time="2018-12-23T13:30:15-05:00" level=info msg="Main file logging"
time="2018-12-23T13:30:24-05:00" level=info msg="Main file logging"
time="2018-12-23T13:44:32-05:00" level=info msg="Main file logging"
time="2018-12-23T13:45:42-05:00" level=info msg="Main file logging"
time="2018-12-23T13:46:50-05:00" level=info msg="Main file logging"
time="2018-12-23T13:47:48-05:00" level=info msg="Main file logging"
time="2018-12-23T13:52:37-05:00" level=info msg="Main file logging"
time="2018-12-23T13:54:35-05:00" level=info msg="Main file logging"
time="2018-12-23T13:55:45-05:00" level=info msg="Main file logging"
time="2018-12-23T13:58:07-05:00" level=info msg="Main file logging"
time="2018-12-23T13:58:21-05:00" level=info msg="Main file logging"
